Android/Service/app/build/outputs/logs/manifest-merger-debug-report.txt
-- Merging decision tree log ---
manifest
ADDED from src/main/AndroidManifest.xml:1:1-27:12
	package
		ADDED from src/main/AndroidManifest.xml:2:2-31
		INJECTED from src/main/AndroidManifest.xml
		INJECTED from src/main/AndroidManifest.xml
	android:versionName
		ADDED from src/main/AndroidManifest.xml:4:2-27
		INJECTED from src/main/AndroidManifest.xml
		INJECTED from src/main/AndroidManifest.xml
	android:versionCode
		ADDED from src/main/AndroidManifest.xml:3:2-25
		INJECTED from src/main/AndroidManifest.xml
		INJECTED from src/main/AndroidManifest.xml
	xmlns:android
		ADDED from src/main/AndroidManifest.xml:1:11-69
uses-sdk
ADDED from src/main/AndroidManifest.xml:5:2-7:35
	android:targetSdkVersion
		ADDED from src/main/AndroidManifest.xml:7:3-32
		INJECTED from src/main/AndroidManifest.xml
		INJECTED from src/main/AndroidManifest.xml
	android:minSdkVersion
		ADDED from src/main/AndroidManifest.xml:6:3-28
		INJECTED from src/main/AndroidManifest.xml
		INJECTED from src/main/AndroidManifest.xml
application
ADDED from src/main/AndroidManifest.xml:8:2-26:16
	android:label
		ADDED from src/main/AndroidManifest.xml:10:3-35
	android:icon
		ADDED from src/main/AndroidManifest.xml:9:3-39
	android:theme
		ADDED from src/main/AndroidManifest.xml:11:3-34
activity#com.example.service.MainActivity
ADDED from src/main/AndroidManifest.xml:12:3-19:14
	android:label
		ADDED from src/main/AndroidManifest.xml:14:4-47
	android:name
		ADDED from src/main/AndroidManifest.xml:13:4-32
intent-filter#android.intent.action.MAIN+android.intent.category.LAUNCHER
ADDED from src/main/AndroidManifest.xml:15:4-18:20
action#android.intent.action.MAIN
ADDED from src/main/AndroidManifest.xml:16:5-57
	android:name
		ADDED from src/main/AndroidManifest.xml:16:13-54
category#android.intent.category.LAUNCHER
ADDED from src/main/AndroidManifest.xml:17:5-65
	android:name
		ADDED from src/main/AndroidManifest.xml:17:15-62
service#com.example.service.MyService
ADDED from src/main/AndroidManifest.xml:20:3-25:13
	android:name
		ADDED from src/main/AndroidManifest.xml:21:4-29
intent-filter#com.dh.MY_SERVICE
ADDED from src/main/AndroidManifest.xml:22:4-24:20
action#com.dh.MY_SERVICE
ADDED from src/main/AndroidManifest.xml:23:5-47
	android:name
		ADDED from src/main/AndroidManifest.xml:23:13-45